<?xml version="1.0" encoding="UTF-8"?>
<!-- Generated by org.testng.reporters.JUnitReportReporter -->
<testsuite hostname="LAPTOP-RIM8G626" failures="0" tests="3" name="TestNg.Example5_Keyword2_EnableFalse" time="0.009" errors="0" timestamp="2024-06-26T22:34:02 IST" skipped="2">
  <testcase classname="TestNg.Example5_Keyword2_EnableFalse" name="TC1" time="0.009">
    <system-out>
      <![CDATA[ Running TC1]]>
    </system-out>
  </testcase> <!-- TC1 -->
  <testcase classname="TestNg.Example5_Keyword2_EnableFalse" name="TC3">
    <skipped/>
  </testcase> <!-- TC3 -->
  <testcase classname="TestNg.Example5_Keyword2_EnableFalse" name="TC2">
    <skipped/>
  </testcase> <!-- TC2 -->
  <system-out>
    <![CDATA[ Running TC1]]>
  </system-out>
</testsuite> <!-- TestNg.Example5_Keyword2_EnableFalse -->
