<?xml version="1.0" encoding="UTF-8"?>
<!-- Generated by org.testng.reporters.JUnitReportReporter -->
<testsuite hostname="LAPTOP-RIM8G626" failures="0" tests="6" name="TestNg.Example5_Keyword3_priority2" time="0.032" errors="0" timestamp="2024-06-26T21:48:27 IST" skipped="0">
  <testcase classname="TestNg.Example5_Keyword3_priority2" name="TC6" time="0.021">
    <system-out>
      <![CDATA[--running TC6--]]>
    </system-out>
  </testcase> <!-- TC6 -->
  <testcase classname="TestNg.Example5_Keyword3_priority2" name="TC5" time="0.003">
    <system-out>
      <![CDATA[--running TC5--]]>
    </system-out>
  </testcase> <!-- TC5 -->
  <testcase classname="TestNg.Example5_Keyword3_priority2" name="TC4" time="0.002">
    <system-out>
      <![CDATA[--running TC4--]]>
    </system-out>
  </testcase> <!-- TC4 -->
  <testcase classname="TestNg.Example5_Keyword3_priority2" name="TC2" time="0.001">
    <system-out>
      <![CDATA[--running TC2--]]>
    </system-out>
  </testcase> <!-- TC2 -->
  <testcase classname="TestNg.Example5_Keyword3_priority2" name="TC3" time="0.003">
    <system-out>
      <![CDATA[--running TC3--]]>
    </system-out>
  </testcase> <!-- TC3 -->
  <testcase classname="TestNg.Example5_Keyword3_priority2" name="TC1" time="0.002">
    <system-out>
      <![CDATA[--running TC1--]]>
    </system-out>
  </testcase> <!-- TC1 -->
  <system-out>
    <![CDATA[--running TC6--
--running TC4--
--running TC5--
--running TC2--
--running TC3--
--running TC1--]]>
  </system-out>
</testsuite> <!-- TestNg.Example5_Keyword3_priority2 -->
