<?xml version="1.0" encoding="UTF-8"?>
<!-- Generated by org.testng.reporters.JUnitReportReporter -->
<testsuite hostname="LAPTOP-RIM8G626" failures="0" tests="4" name="TestNg.Example10_Sample2" time="0.007" errors="0" timestamp="2024-06-26T23:11:25 IST" skipped="0">
  <testcase classname="TestNg.Example10_Sample2" name="TC7" time="0.001">
    <system-out>
      <![CDATA[--running TC7--]]>
    </system-out>
  </testcase> <!-- TC7 -->
  <testcase classname="TestNg.Example10_Sample2" name="TC5" time="0.002">
    <system-out>
      <![CDATA[--running TC5--]]>
    </system-out>
  </testcase> <!-- TC5 -->
  <testcase classname="TestNg.Example10_Sample2" name="TC6" time="0.001">
    <system-out>
      <![CDATA[--running TC6--]]>
    </system-out>
  </testcase> <!-- TC6 -->
  <testcase classname="TestNg.Example10_Sample2" name="TC8" time="0.003">
    <system-out>
      <![CDATA[--running TC8--]]>
    </system-out>
  </testcase> <!-- TC8 -->
  <system-out>
    <![CDATA[--running TC1--
--running TC2--
--running TC3--
--running TC3--
--running TC5--
--running TC6--
--running TC7--
--running TC8--]]>
  </system-out>
</testsuite> <!-- TestNg.Example10_Sample2 -->
