<?xml version="1.0" encoding="UTF-8"?>
<!-- Generated by org.testng.reporters.JUnitReportReporter -->
<testsuite hostname="LAPTOP-RIM8G626" failures="0" tests="10" name="TestNg.Example5_Keyword1_invocationCount" time="0.030" errors="0" timestamp="2024-06-26T21:52:44 IST" skipped="0">
  <testcase classname="TestNg.Example5_Keyword1_invocationCount" name="TC1" time="0.001">
    <system-out>
      <![CDATA[ Running Test Case]]>
    </system-out>
  </testcase> <!-- TC1 -->
  <testcase classname="TestNg.Example5_Keyword1_invocationCount" name="TC1" time="0.005">
    <system-out>
      <![CDATA[ Running Test Case]]>
    </system-out>
  </testcase> <!-- TC1 -->
  <testcase classname="TestNg.Example5_Keyword1_invocationCount" name="TC1" time="0.015">
    <system-out>
      <![CDATA[ Running Test Case]]>
    </system-out>
  </testcase> <!-- TC1 -->
  <testcase classname="TestNg.Example5_Keyword1_invocationCount" name="TC1" time="0.001">
    <system-out>
      <![CDATA[ Running Test Case]]>
    </system-out>
  </testcase> <!-- TC1 -->
  <testcase classname="TestNg.Example5_Keyword1_invocationCount" name="TC1" time="0.001">
    <system-out>
      <![CDATA[ Running Test Case]]>
    </system-out>
  </testcase> <!-- TC1 -->
  <testcase classname="TestNg.Example5_Keyword1_invocationCount" name="TC1" time="0.001">
    <system-out>
      <![CDATA[ Running Test Case]]>
    </system-out>
  </testcase> <!-- TC1 -->
  <testcase classname="TestNg.Example5_Keyword1_invocationCount" name="TC1" time="0.001">
    <system-out>
      <![CDATA[ Running Test Case]]>
    </system-out>
  </testcase> <!-- TC1 -->
  <testcase classname="TestNg.Example5_Keyword1_invocationCount" name="TC1" time="0.002">
    <system-out>
      <![CDATA[ Running Test Case]]>
    </system-out>
  </testcase> <!-- TC1 -->
  <testcase classname="TestNg.Example5_Keyword1_invocationCount" name="TC1" time="0.001">
    <system-out>
      <![CDATA[ Running Test Case]]>
    </system-out>
  </testcase> <!-- TC1 -->
  <testcase classname="TestNg.Example5_Keyword1_invocationCount" name="TC1" time="0.002">
    <system-out>
      <![CDATA[ Running Test Case]]>
    </system-out>
  </testcase> <!-- TC1 -->
  <system-out>
    <![CDATA[ Running Test Case
 Running Test Case
 Running Test Case
 Running Test Case
 Running Test Case
 Running Test Case
 Running Test Case
 Running Test Case
 Running Test Case
 Running Test Case]]>
  </system-out>
</testsuite> <!-- TestNg.Example5_Keyword1_invocationCount -->
