<?xml version="1.0" encoding="UTF-8"?>
<!-- Generated by org.testng.reporters.JUnitReportReporter -->
<testsuite hostname="LAPTOP-RIM8G626" failures="0" tests="3" name="TestNg.Example9_Sample2" time="0.011" errors="0" timestamp="2024-07-07T23:18:47 IST" skipped="0">
  <testcase classname="TestNg.Example9_Sample2" name="TC4" time="0.010">
    <system-out>
      <![CDATA[--running TC4--]]>
    </system-out>
  </testcase> <!-- TC4 -->
  <testcase classname="TestNg.Example9_Sample2" name="TC6" time="0.000">
    <system-out>
      <![CDATA[--running TC6--]]>
    </system-out>
  </testcase> <!-- TC6 -->
  <testcase classname="TestNg.Example9_Sample2" name="TC5" time="0.001">
    <system-out>
      <![CDATA[--running TC5--]]>
    </system-out>
  </testcase> <!-- TC5 -->
  <system-out>
    <![CDATA[--running TC4--
--running TC5--
--running TC6--
--running TC2--
--running TC3--]]>
  </system-out>
</testsuite> <!-- TestNg.Example9_Sample2 -->
