<?xml version="1.0" encoding="UTF-8"?>
<!-- Generated by org.testng.reporters.JUnitReportReporter -->
<testsuite hostname="LAPTOP-RIM8G626" failures="0" tests="1" name="TestNg.Example11_Parallel3" time="70.559" errors="0" timestamp="2024-06-27T19:13:50 IST" skipped="0">
  <testcase classname="TestNg.Example11_Parallel3" name="OpenGoogleApp" time="70.559">
    <system-out>
      <![CDATA[--Open flipkart App--]]>
    </system-out>
  </testcase> <!-- OpenGoogleApp -->
  <system-out>
    <![CDATA[--Open flipkart App--
--Open Google App--
--Open Facebook App--]]>
  </system-out>
</testsuite> <!-- TestNg.Example11_Parallel3 -->
