<?xml version="1.0" encoding="UTF-8"?>
<!-- Generated by org.testng.reporters.JUnitReportReporter -->
<testsuite hostname="LAPTOP-RIM8G626" failures="0" tests="3" name="TestNg.Example6_Sample2_TestSuite" time="0.005" errors="0" timestamp="2024-07-15T22:51:18 IST" skipped="0">
  <testcase classname="TestNg.Example6_Sample2_TestSuite" name="Tc6" time="0.002">
    <system-out>
      <![CDATA[Running Tc6]]>
    </system-out>
  </testcase> <!-- Tc6 -->
  <testcase classname="TestNg.Example6_Sample2_TestSuite" name="Tc5" time="0.001">
    <system-out>
      <![CDATA[Running Tc5]]>
    </system-out>
  </testcase> <!-- Tc5 -->
  <testcase classname="TestNg.Example6_Sample2_TestSuite" name="Tc4" time="0.002">
    <system-out>
      <![CDATA[Running Tc4]]>
    </system-out>
  </testcase> <!-- Tc4 -->
  <system-out>
    <![CDATA[--Ruuing Tc1
--Ruuing Tc2
--Ruuing Tc3
Running Tc4
Running Tc5
Running Tc6]]>
  </system-out>
</testsuite> <!-- TestNg.Example6_Sample2_TestSuite -->
