<?xml version="1.0" encoding="UTF-8"?>
<!-- Generated by org.testng.reporters.JUnitReportReporter -->
<testsuite hostname="LAPTOP-RIM8G626" failures="0" tests="2" name="TestNg.Example5_Keyword5_dependsOnMethod1" time="0.014" errors="0" timestamp="2024-06-26T22:03:34 IST" skipped="0">
  <testcase classname="TestNg.Example5_Keyword5_dependsOnMethod1" name="Login" time="0.012">
    <system-out>
      <![CDATA[------Running login Test Case------]]>
    </system-out>
  </testcase> <!-- Login -->
  <testcase classname="TestNg.Example5_Keyword5_dependsOnMethod1" name="logout" time="0.002">
    <system-out>
      <![CDATA[--Running Logout--------]]>
    </system-out>
  </testcase> <!-- logout -->
  <system-out>
    <![CDATA[------Running login Test Case------
--Running Logout--------]]>
  </system-out>
</testsuite> <!-- TestNg.Example5_Keyword5_dependsOnMethod1 -->
