<?xml version="1.0" encoding="UTF-8"?>
<!-- Generated by org.testng.reporters.JUnitReportReporter -->
<testsuite hostname="LAPTOP-RIM8G626" failures="0" tests="2" name="TestNg.Example3_EmailableReport" time="0.013" errors="0" timestamp="2024-06-26T21:50:52 IST" skipped="0">
  <testcase classname="TestNg.Example3_EmailableReport" name="Tc2" time="0.001">
    <system-out>
      <![CDATA[Running Tc2]]>
    </system-out>
  </testcase> <!-- Tc2 -->
  <testcase classname="TestNg.Example3_EmailableReport" name="TC1" time="0.012">
    <system-out>
      <![CDATA[Running TC1]]>
    </system-out>
  </testcase> <!-- TC1 -->
  <system-out>
    <![CDATA[Running TC1
Running Tc2]]>
  </system-out>
</testsuite> <!-- TestNg.Example3_EmailableReport -->
