<?xml version="1.0" encoding="UTF-8"?>
<!-- Generated by org.testng.reporters.JUnitReportReporter -->
<testsuite hostname="LAPTOP-RIM8G626" failures="0" tests="3" name="TestNg.Example5_Keyword3_priority1" time="0.020" errors="0" timestamp="2024-06-21T00:21:32 IST" skipped="0">
  <testcase classname="TestNg.Example5_Keyword3_priority1" name="TC1" time="0.014">
    <system-out>
      <![CDATA[ Running TC1]]>
    </system-out>
  </testcase> <!-- TC1 -->
  <testcase classname="TestNg.Example5_Keyword3_priority1" name="TC3" time="0.002">
    <system-out>
      <![CDATA[ Running TC3]]>
    </system-out>
  </testcase> <!-- TC3 -->
  <testcase classname="TestNg.Example5_Keyword3_priority1" name="TC2" time="0.004">
    <system-out>
      <![CDATA[ Running TC2]]>
    </system-out>
  </testcase> <!-- TC2 -->
  <system-out>
    <![CDATA[ Running TC1
 Running TC2
 Running TC3]]>
  </system-out>
</testsuite> <!-- TestNg.Example5_Keyword3_priority1 -->
