<?xml version="1.0" encoding="UTF-8"?>
<!-- Generated by org.testng.reporters.JUnitReportReporter -->
<testsuite hostname="LAPTOP-RIM8G626" failures="0" tests="4" name="TestNg.Example10_Sample1" time="0.012" errors="0" timestamp="2024-06-26T23:11:25 IST" skipped="0">
  <testcase classname="TestNg.Example10_Sample1" name="TC1" time="0.010">
    <system-out>
      <![CDATA[--running TC1--]]>
    </system-out>
  </testcase> <!-- TC1 -->
  <testcase classname="TestNg.Example10_Sample1" name="TC4" time="0.000">
    <system-out>
      <![CDATA[--running TC3--]]>
    </system-out>
  </testcase> <!-- TC4 -->
  <testcase classname="TestNg.Example10_Sample1" name="TC2" time="0.001">
    <system-out>
      <![CDATA[--running TC2--]]>
    </system-out>
  </testcase> <!-- TC2 -->
  <testcase classname="TestNg.Example10_Sample1" name="TC3" time="0.001">
    <system-out>
      <![CDATA[--running TC3--]]>
    </system-out>
  </testcase> <!-- TC3 -->
  <system-out>
    <![CDATA[--running TC1--
--running TC2--
--running TC3--
--running TC3--
--running TC5--
--running TC6--
--running TC7--
--running TC8--]]>
  </system-out>
</testsuite> <!-- TestNg.Example10_Sample1 -->
