<?xml version="1.0" encoding="UTF-8"?>
<!-- Generated by org.testng.reporters.JUnitReportReporter -->
<testsuite hostname="LAPTOP-RIM8G626" failures="0" tests="3" name="TestNg.Example5_Keyword5_dependsOnMethod2" time="0.014" errors="0" timestamp="2024-06-26T22:07:23 IST" skipped="0">
  <testcase classname="TestNg.Example5_Keyword5_dependsOnMethod2" name="login2" time="0.001">
    <system-out>
      <![CDATA[Running login2]]>
    </system-out>
  </testcase> <!-- login2 -->
  <testcase classname="TestNg.Example5_Keyword5_dependsOnMethod2" name="logout" time="0.002">
    <system-out>
      <![CDATA[Running logout]]>
    </system-out>
  </testcase> <!-- logout -->
  <testcase classname="TestNg.Example5_Keyword5_dependsOnMethod2" name="login" time="0.011">
    <system-out>
      <![CDATA[Running login 1]]>
    </system-out>
  </testcase> <!-- login -->
  <system-out>
    <![CDATA[Running login 1
Running login2
Running logout]]>
  </system-out>
</testsuite> <!-- TestNg.Example5_Keyword5_dependsOnMethod2 -->
