<?xml version="1.0" encoding="UTF-8"?>
<!-- Generated by org.testng.reporters.JUnitReportReporter -->
<testsuite hostname="LAPTOP-RIM8G626" failures="0" tests="3" name="TestNg.Example6_Sample1_TestSuite" time="0.016" errors="0" timestamp="2024-07-15T22:51:18 IST" skipped="0">
  <testcase classname="TestNg.Example6_Sample1_TestSuite" name="TC1" time="0.013">
    <system-out>
      <![CDATA[--Ruuing Tc1]]>
    </system-out>
  </testcase> <!-- TC1 -->
  <testcase classname="TestNg.Example6_Sample1_TestSuite" name="TC3" time="0.001">
    <system-out>
      <![CDATA[--Ruuing Tc3]]>
    </system-out>
  </testcase> <!-- TC3 -->
  <testcase classname="TestNg.Example6_Sample1_TestSuite" name="TC2" time="0.002">
    <system-out>
      <![CDATA[--Ruuing Tc2]]>
    </system-out>
  </testcase> <!-- TC2 -->
  <system-out>
    <![CDATA[--Ruuing Tc1
--Ruuing Tc2
--Ruuing Tc3
Running Tc4
Running Tc5
Running Tc6]]>
  </system-out>
</testsuite> <!-- TestNg.Example6_Sample1_TestSuite -->
