<?xml version="1.0" encoding="UTF-8"?>
<!-- Generated by org.testng.reporters.JUnitReportReporter -->
<testsuite hostname="LAPTOP-RIM8G626" failures="0" tests="2" name="TestNg.Example4_Annotations" time="0.025" errors="0" timestamp="2024-06-26T21:52:19 IST" skipped="0">
  <testcase classname="TestNg.Example4_Annotations" name="VerifyLogo2" time="0.015">
    <system-out>
      <![CDATA[--Running Verify Logo2 TC--]]>
    </system-out>
  </testcase> <!-- VerifyLogo2 -->
  <testcase classname="TestNg.Example4_Annotations" name="VerifyLogo1" time="0.010">
    <system-out>
      <![CDATA[--Running Verify Logo1 TC--]]>
    </system-out>
  </testcase> <!-- VerifyLogo1 -->
  <system-out>
    <![CDATA[--------Login Methid--------------
--Running Verify Logo1 TC--
--logout From App--
--------Login Methid--------------
--Running Verify Logo2 TC--
--logout From App--]]>
  </system-out>
</testsuite> <!-- TestNg.Example4_Annotations -->
