<?xml version="1.0" encoding="UTF-8"?>
<!-- Generated by org.testng.reporters.JUnitReportReporter -->
<testsuite hostname="LAPTOP-RIM8G626" failures="0" tests="1" name="TestNg.Example5_Keyword4_Timeout" time="2.021" errors="0" timestamp="2024-06-26T21:58:33 IST" skipped="0">
  <testcase classname="TestNg.Example5_Keyword4_Timeout" name="TC1" time="2.021">
    <system-out>
      <![CDATA[ Rinning test case]]>
    </system-out>
  </testcase> <!-- TC1 -->
  <system-out>
    <![CDATA[ Rinning test case]]>
  </system-out>
</testsuite> <!-- TestNg.Example5_Keyword4_Timeout -->
