<?xml version="1.0" encoding="UTF-8"?>
<!-- Generated by org.testng.reporters.JUnitReportReporter -->
<testsuite hostname="LAPTOP-RIM8G626" failures="0" tests="3" name="TestNg.Example8_DisableTcExecution1_fromTestClass" time="0.011" errors="0" timestamp="2024-06-26T22:36:29 IST" skipped="1">
  <testcase classname="TestNg.Example8_DisableTcExecution1_fromTestClass" name="TC3" time="0.001">
    <system-out>
      <![CDATA[--running TC3--]]>
    </system-out>
  </testcase> <!-- TC3 -->
  <testcase classname="TestNg.Example8_DisableTcExecution1_fromTestClass" name="TC1" time="0.010">
    <system-out>
      <![CDATA[--running TC1--]]>
    </system-out>
  </testcase> <!-- TC1 -->
  <testcase classname="TestNg.Example8_DisableTcExecution1_fromTestClass" name="TC2">
    <skipped/>
  </testcase> <!-- TC2 -->
  <system-out>
    <![CDATA[--running TC1--
--running TC3--]]>
  </system-out>
</testsuite> <!-- TestNg.Example8_DisableTcExecution1_fromTestClass -->
